<?xml version="1.0" encoding="UTF-8"?>
<!-- Generated by org.testng.reporters.JUnitReportReporter -->
<testsuite hostname="Dante-PC" name="com.org.mail.myMailAuto.ExecutingTest" tests="4" failures="0" timestamp="26 Oct 2016 19:13:19 GMT" time="29.588" errors="0">
  <testcase name="testA" time="7.325" classname="com.org.mail.myMailAuto.ExecutingTest"/>
  <testcase name="testD" time="4.407" classname="com.org.mail.myMailAuto.ExecutingTest"/>
  <testcase name="testB" time="9.757" classname="com.org.mail.myMailAuto.ExecutingTest"/>
  <testcase name="testC" time="8.099" classname="com.org.mail.myMailAuto.ExecutingTest"/>
</testsuite> <!-- com.org.mail.myMailAuto.ExecutingTest -->
