<?xml version="1.0" encoding="UTF-8"?>
<!-- Generated by org.testng.reporters.JUnitReportReporter -->
<testsuite skipped="0" hostname="ws-tr-cp1218" name="com.org.mail.myMailAuto.BaseTest" tests="2" failures="0" timestamp="26 Oct 2016 08:37:51 GMT" time="2.803" errors="0">
  <testcase name="checkLogin" time="2.802" classname="com.org.mail.myMailAuto.BaseTest"/>
  <testcase name="checkMail" time="0.001" classname="com.org.mail.myMailAuto.BaseTest"/>
</testsuite> <!-- com.org.mail.myMailAuto.BaseTest -->
