<?xml version="1.0" encoding="UTF-8"?>
<!-- Generated by org.testng.reporters.JUnitReportReporter -->
<testsuite skipped="0" hostname="ws-tr-cp1218" name="com.org.mail.myMailAuto.BaseTest" tests="1" failures="0" timestamp="25 Oct 2016 14:20:11 GMT" time="9.285" errors="0">
  <testcase name="CheckLogin" time="9.285" classname="com.org.mail.myMailAuto.BaseTest"/>
</testsuite> <!-- com.org.mail.myMailAuto.BaseTest -->
